{"name": "test_case_01", "status": "failed", "statusDetails": {"message": "AssertionError: assert 0", "trace": "@allure.feature('test_module_01')\n    def test_case_01():\n        \"\"\"\n        用例描述：Test case 01\n        \"\"\"\n>       assert 0\nE       assert 0\n\ntest_log.py:281: AssertionError"}, "description": "\n    用例描述：Test case 01\n    ", "start": 1623803720530, "stop": 1623803720530, "uuid": "52b32ebd-e57d-48c3-a1ad-d4e75ead2aa5", "historyId": "e3a1b8c391ea4ceca26b5cc41a67b795", "testCaseId": "a2b7e1a75e5c2a563d4e4112be743991", "fullName": "test_log#test_case_01", "labels": [{"name": "feature", "value": "test_module_01"}, {"name": "suite", "value": "test_log"}, {"name": "host", "value": "jsun-mbpw10"}, {"name": "thread", "value": "12104-MainThread"}, {"name": "framework", "value": "pytest"}, {"name": "language", "value": "cpython3"}, {"name": "package", "value": "test_log"}]}